{"C:\\Users\\ajaya\\Documents\\LaFosse\\lap3\\Crammer_Education_App\\Crammer_Education_server\\app.js": {"path":"C:\\Users\\ajaya\\Documents\\LaFosse\\lap3\\Crammer_Education_App\\Crammer_Education_server\\app.js","statementMap":{"0":{"start":{"line":1,"column":16},"end":{"line":1,"column":34}},"1":{"start":{"line":2,"column":13},"end":{"line":2,"column":28}},"2":{"start":{"line":3,"column":15},"end":{"line":3,"column":32}},"3":{"start":{"line":4,"column":12},"end":{"line":4,"column":21}},"4":{"start":{"line":6,"column":19},"end":{"line":6,"column":44}},"5":{"start":{"line":7,"column":25},"end":{"line":7,"column":54}},"6":{"start":{"line":10,"column":0},"end":{"line":10,"column":16}},"7":{"start":{"line":11,"column":0},"end":{"line":11,"column":23}},"8":{"start":{"line":12,"column":0},"end":{"line":12,"column":24}},"9":{"start":{"line":14,"column":0},"end":{"line":16,"column":3}},"10":{"start":{"line":15,"column":1},"end":{"line":15,"column":28}},"11":{"start":{"line":19,"column":0},"end":{"line":19,"column":41}},"12":{"start":{"line":20,"column":0},"end":{"line":20,"column":30}},"13":{"start":{"line":22,"column":0},"end":{"line":22,"column":21}}},"fnMap":{"0":{"name":"(anonymous_0)","decl":{"start":{"line":14,"column":13},"end":{"line":14,"column":14}},"loc":{"start":{"line":14,"column":27},"end":{"line":16,"column":1}},"line":14}},"branchMap":{},"s":{"0":4,"1":4,"2":4,"3":4,"4":4,"5":4,"6":4,"7":4,"8":4,"9":4,"10":0,"11":4,"12":4,"13":4},"f":{"0":0},"b":{},"_coverageSchema":"1a1c01bbd47fc00a2c39e90264f33305004495a9","hash":"02d580872544253ff20b3b35dfa26faf3a9bace9"}
,"C:\\Users\\ajaya\\Documents\\LaFosse\\lap3\\Crammer_Education_App\\Crammer_Education_server\\controllers\\flashcardController.js": {"path":"C:\\Users\\ajaya\\Documents\\LaFosse\\lap3\\Crammer_Education_App\\Crammer_Education_server\\controllers\\flashcardController.js","statementMap":{"0":{"start":{"line":1,"column":19},"end":{"line":1,"column":49}},"1":{"start":{"line":2,"column":17},"end":{"line":2,"column":36}},"2":{"start":{"line":7,"column":24},"end":{"line":21,"column":1}},"3":{"start":{"line":8,"column":43},"end":{"line":8,"column":51}},"4":{"start":{"line":10,"column":1},"end":{"line":20,"column":2}},"5":{"start":{"line":11,"column":20},"end":{"line":15,"column":4}},"6":{"start":{"line":17,"column":2},"end":{"line":17,"column":34}},"7":{"start":{"line":19,"column":2},"end":{"line":19,"column":49}},"8":{"start":{"line":24,"column":22},"end":{"line":30,"column":1}},"9":{"start":{"line":26,"column":21},"end":{"line":26,"column":70}},"10":{"start":{"line":29,"column":2},"end":{"line":29,"column":35}},"11":{"start":{"line":34,"column":24},"end":{"line":66,"column":1}},"12":{"start":{"line":47,"column":49},"end":{"line":47,"column":57}},"13":{"start":{"line":48,"column":2},"end":{"line":48,"column":19}},"14":{"start":{"line":49,"column":2},"end":{"line":65,"column":3}},"15":{"start":{"line":50,"column":23},"end":{"line":57,"column":5}},"16":{"start":{"line":59,"column":4},"end":{"line":61,"column":5}},"17":{"start":{"line":60,"column":6},"end":{"line":60,"column":63}},"18":{"start":{"line":62,"column":4},"end":{"line":62,"column":62}},"19":{"start":{"line":64,"column":4},"end":{"line":64,"column":61}},"20":{"start":{"line":70,"column":24},"end":{"line":90,"column":1}},"21":{"start":{"line":72,"column":18},"end":{"line":72,"column":26}},"22":{"start":{"line":79,"column":2},"end":{"line":89,"column":3}},"23":{"start":{"line":80,"column":23},"end":{"line":82,"column":6}},"24":{"start":{"line":83,"column":4},"end":{"line":85,"column":5}},"25":{"start":{"line":84,"column":6},"end":{"line":84,"column":60}},"26":{"start":{"line":86,"column":4},"end":{"line":86,"column":67}},"27":{"start":{"line":88,"column":4},"end":{"line":88,"column":58}},"28":{"start":{"line":94,"column":0},"end":{"line":99,"column":2}}},"fnMap":{"0":{"name":"(anonymous_0)","decl":{"start":{"line":7,"column":24},"end":{"line":7,"column":25}},"loc":{"start":{"line":7,"column":44},"end":{"line":21,"column":1}},"line":7},"1":{"name":"(anonymous_1)","decl":{"start":{"line":24,"column":22},"end":{"line":24,"column":23}},"loc":{"start":{"line":24,"column":42},"end":{"line":30,"column":1}},"line":24},"2":{"name":"(anonymous_2)","decl":{"start":{"line":34,"column":24},"end":{"line":34,"column":25}},"loc":{"start":{"line":34,"column":44},"end":{"line":66,"column":1}},"line":34},"3":{"name":"(anonymous_3)","decl":{"start":{"line":70,"column":24},"end":{"line":70,"column":25}},"loc":{"start":{"line":70,"column":44},"end":{"line":90,"column":1}},"line":70}},"branchMap":{"0":{"loc":{"start":{"line":59,"column":4},"end":{"line":61,"column":5}},"type":"if","locations":[{"start":{"line":59,"column":4},"end":{"line":61,"column":5}},{"start":{},"end":{}}],"line":59},"1":{"loc":{"start":{"line":83,"column":4},"end":{"line":85,"column":5}},"type":"if","locations":[{"start":{"line":83,"column":4},"end":{"line":85,"column":5}},{"start":{},"end":{}}],"line":83}},"s":{"0":4,"1":4,"2":4,"3":0,"4":0,"5":0,"6":0,"7":0,"8":4,"9":0,"10":0,"11":4,"12":0,"13":0,"14":0,"15":0,"16":0,"17":0,"18":0,"19":0,"20":4,"21":0,"22":0,"23":0,"24":0,"25":0,"26":0,"27":0,"28":4},"f":{"0":0,"1":0,"2":0,"3":0},"b":{"0":[0,0],"1":[0,0]},"_coverageSchema":"1a1c01bbd47fc00a2c39e90264f33305004495a9","hash":"a8a7f6ff7a455a79452333b46e9e59ed5beeceae"}
,"C:\\Users\\ajaya\\Documents\\LaFosse\\lap3\\Crammer_Education_App\\Crammer_Education_server\\controllers\\userController.js": {"path":"C:\\Users\\ajaya\\Documents\\LaFosse\\lap3\\Crammer_Education_App\\Crammer_Education_server\\controllers\\userController.js","statementMap":{"0":{"start":{"line":1,"column":13},"end":{"line":1,"column":38}},"1":{"start":{"line":2,"column":12},"end":{"line":2,"column":35}},"2":{"start":{"line":4,"column":20},"end":{"line":4,"column":91}},"3":{"start":{"line":4,"column":29},"end":{"line":4,"column":91}},"4":{"start":{"line":6,"column":18},"end":{"line":16,"column":1}},"5":{"start":{"line":7,"column":32},"end":{"line":7,"column":40}},"6":{"start":{"line":9,"column":1},"end":{"line":15,"column":2}},"7":{"start":{"line":10,"column":15},"end":{"line":10,"column":51}},"8":{"start":{"line":11,"column":16},"end":{"line":11,"column":37}},"9":{"start":{"line":12,"column":2},"end":{"line":12,"column":44}},"10":{"start":{"line":14,"column":2},"end":{"line":14,"column":49}},"11":{"start":{"line":18,"column":19},"end":{"line":27,"column":1}},"12":{"start":{"line":19,"column":39},"end":{"line":19,"column":47}},"13":{"start":{"line":20,"column":1},"end":{"line":26,"column":2}},"14":{"start":{"line":21,"column":15},"end":{"line":21,"column":59}},"15":{"start":{"line":22,"column":16},"end":{"line":22,"column":37}},"16":{"start":{"line":23,"column":2},"end":{"line":23,"column":59}},"17":{"start":{"line":25,"column":2},"end":{"line":25,"column":49}},"18":{"start":{"line":29,"column":0},"end":{"line":29,"column":56}}},"fnMap":{"0":{"name":"(anonymous_0)","decl":{"start":{"line":4,"column":20},"end":{"line":4,"column":21}},"loc":{"start":{"line":4,"column":29},"end":{"line":4,"column":91}},"line":4},"1":{"name":"(anonymous_1)","decl":{"start":{"line":6,"column":18},"end":{"line":6,"column":19}},"loc":{"start":{"line":6,"column":38},"end":{"line":16,"column":1}},"line":6},"2":{"name":"(anonymous_2)","decl":{"start":{"line":18,"column":19},"end":{"line":18,"column":20}},"loc":{"start":{"line":18,"column":39},"end":{"line":27,"column":1}},"line":18}},"branchMap":{},"s":{"0":5,"1":5,"2":5,"3":0,"4":5,"5":0,"6":0,"7":0,"8":0,"9":0,"10":0,"11":5,"12":0,"13":0,"14":0,"15":0,"16":0,"17":0,"18":5},"f":{"0":0,"1":0,"2":0},"b":{},"_coverageSchema":"1a1c01bbd47fc00a2c39e90264f33305004495a9","hash":"bd86abcf48bbf7787a9075826f7869335db1d867"}
,"C:\\Users\\ajaya\\Documents\\LaFosse\\lap3\\Crammer_Education_App\\Crammer_Education_server\\middleware\\auth.js": {"path":"C:\\Users\\ajaya\\Documents\\LaFosse\\lap3\\Crammer_Education_App\\Crammer_Education_server\\middleware\\auth.js","statementMap":{"0":{"start":{"line":1,"column":12},"end":{"line":1,"column":35}},"1":{"start":{"line":2,"column":13},"end":{"line":2,"column":38}},"2":{"start":{"line":4,"column":13},"end":{"line":19,"column":1}},"3":{"start":{"line":5,"column":27},"end":{"line":5,"column":38}},"4":{"start":{"line":6,"column":1},"end":{"line":8,"column":2}},"5":{"start":{"line":7,"column":2},"end":{"line":7,"column":67}},"6":{"start":{"line":10,"column":18},"end":{"line":10,"column":45}},"7":{"start":{"line":12,"column":1},"end":{"line":18,"column":2}},"8":{"start":{"line":13,"column":18},"end":{"line":13,"column":62}},"9":{"start":{"line":14,"column":2},"end":{"line":14,"column":55}},"10":{"start":{"line":15,"column":2},"end":{"line":15,"column":9}},"11":{"start":{"line":17,"column":2},"end":{"line":17,"column":71}},"12":{"start":{"line":21,"column":0},"end":{"line":21,"column":22}}},"fnMap":{"0":{"name":"(anonymous_0)","decl":{"start":{"line":4,"column":13},"end":{"line":4,"column":14}},"loc":{"start":{"line":4,"column":39},"end":{"line":19,"column":1}},"line":4}},"branchMap":{"0":{"loc":{"start":{"line":6,"column":1},"end":{"line":8,"column":2}},"type":"if","locations":[{"start":{"line":6,"column":1},"end":{"line":8,"column":2}},{"start":{},"end":{}}],"line":6}},"s":{"0":4,"1":4,"2":4,"3":1,"4":1,"5":0,"6":1,"7":1,"8":1,"9":0,"10":0,"11":1,"12":4},"f":{"0":1},"b":{"0":[0,1]},"_coverageSchema":"1a1c01bbd47fc00a2c39e90264f33305004495a9","hash":"c4854f57aa24c6834ae829b8c7f696e6dfc188c1"}
,"C:\\Users\\ajaya\\Documents\\LaFosse\\lap3\\Crammer_Education_App\\Crammer_Education_server\\models\\Flashcard.js": {"path":"C:\\Users\\ajaya\\Documents\\LaFosse\\lap3\\Crammer_Education_App\\Crammer_Education_server\\models\\Flashcard.js","statementMap":{"0":{"start":{"line":1,"column":17},"end":{"line":1,"column":36}},"1":{"start":{"line":3,"column":15},"end":{"line":3,"column":30}},"2":{"start":{"line":5,"column":24},"end":{"line":21,"column":1}},"3":{"start":{"line":22,"column":0},"end":{"line":22,"column":62}}},"fnMap":{},"branchMap":{},"s":{"0":4,"1":4,"2":4,"3":4},"f":{},"b":{},"_coverageSchema":"1a1c01bbd47fc00a2c39e90264f33305004495a9","hash":"2a7c765e26ab20eb05f5cc06d483c4e9c764c3f0"}
,"C:\\Users\\ajaya\\Documents\\LaFosse\\lap3\\Crammer_Education_App\\Crammer_Education_server\\models\\User.js": {"path":"C:\\Users\\ajaya\\Documents\\LaFosse\\lap3\\Crammer_Education_App\\Crammer_Education_server\\models\\User.js","statementMap":{"0":{"start":{"line":1,"column":0},"end":{"line":1,"column":27}},"1":{"start":{"line":2,"column":17},"end":{"line":2,"column":36}},"2":{"start":{"line":3,"column":15},"end":{"line":3,"column":32}},"3":{"start":{"line":4,"column":18},"end":{"line":4,"column":38}},"4":{"start":{"line":6,"column":15},"end":{"line":6,"column":30}},"5":{"start":{"line":8,"column":19},"end":{"line":26,"column":1}},"6":{"start":{"line":28,"column":0},"end":{"line":56,"column":2}},"7":{"start":{"line":29,"column":1},"end":{"line":31,"column":2}},"8":{"start":{"line":30,"column":2},"end":{"line":30,"column":47}},"9":{"start":{"line":33,"column":1},"end":{"line":35,"column":2}},"10":{"start":{"line":34,"column":2},"end":{"line":34,"column":40}},"11":{"start":{"line":37,"column":1},"end":{"line":39,"column":2}},"12":{"start":{"line":38,"column":2},"end":{"line":38,"column":51}},"13":{"start":{"line":41,"column":20},"end":{"line":41,"column":49}},"14":{"start":{"line":42,"column":1},"end":{"line":44,"column":2}},"15":{"start":{"line":43,"column":2},"end":{"line":43,"column":42}},"16":{"start":{"line":46,"column":23},"end":{"line":46,"column":55}},"17":{"start":{"line":47,"column":1},"end":{"line":49,"column":2}},"18":{"start":{"line":48,"column":2},"end":{"line":48,"column":45}},"19":{"start":{"line":51,"column":14},"end":{"line":51,"column":74}},"20":{"start":{"line":52,"column":14},"end":{"line":52,"column":47}},"21":{"start":{"line":54,"column":14},"end":{"line":54,"column":68}},"22":{"start":{"line":55,"column":1},"end":{"line":55,"column":13}},"23":{"start":{"line":58,"column":0},"end":{"line":74,"column":2}},"24":{"start":{"line":59,"column":1},"end":{"line":61,"column":2}},"25":{"start":{"line":60,"column":2},"end":{"line":60,"column":47}},"26":{"start":{"line":63,"column":14},"end":{"line":63,"column":46}},"27":{"start":{"line":64,"column":1},"end":{"line":66,"column":2}},"28":{"start":{"line":65,"column":2},"end":{"line":65,"column":40}},"29":{"start":{"line":68,"column":15},"end":{"line":68,"column":60}},"30":{"start":{"line":69,"column":1},"end":{"line":71,"column":2}},"31":{"start":{"line":70,"column":2},"end":{"line":70,"column":40}},"32":{"start":{"line":73,"column":1},"end":{"line":73,"column":13}},"33":{"start":{"line":76,"column":0},"end":{"line":76,"column":52}}},"fnMap":{"0":{"name":"(anonymous_0)","decl":{"start":{"line":28,"column":28},"end":{"line":28,"column":29}},"loc":{"start":{"line":28,"column":71},"end":{"line":56,"column":1}},"line":28},"1":{"name":"(anonymous_1)","decl":{"start":{"line":58,"column":27},"end":{"line":58,"column":28}},"loc":{"start":{"line":58,"column":63},"end":{"line":74,"column":1}},"line":58}},"branchMap":{"0":{"loc":{"start":{"line":29,"column":1},"end":{"line":31,"column":2}},"type":"if","locations":[{"start":{"line":29,"column":1},"end":{"line":31,"column":2}},{"start":{},"end":{}}],"line":29},"1":{"loc":{"start":{"line":29,"column":5},"end":{"line":29,"column":37}},"type":"binary-expr","locations":[{"start":{"line":29,"column":5},"end":{"line":29,"column":14}},{"start":{"line":29,"column":18},"end":{"line":29,"column":24}},{"start":{"line":29,"column":28},"end":{"line":29,"column":37}}],"line":29},"2":{"loc":{"start":{"line":33,"column":1},"end":{"line":35,"column":2}},"type":"if","locations":[{"start":{"line":33,"column":1},"end":{"line":35,"column":2}},{"start":{},"end":{}}],"line":33},"3":{"loc":{"start":{"line":37,"column":1},"end":{"line":39,"column":2}},"type":"if","locations":[{"start":{"line":37,"column":1},"end":{"line":39,"column":2}},{"start":{},"end":{}}],"line":37},"4":{"loc":{"start":{"line":42,"column":1},"end":{"line":44,"column":2}},"type":"if","locations":[{"start":{"line":42,"column":1},"end":{"line":44,"column":2}},{"start":{},"end":{}}],"line":42},"5":{"loc":{"start":{"line":47,"column":1},"end":{"line":49,"column":2}},"type":"if","locations":[{"start":{"line":47,"column":1},"end":{"line":49,"column":2}},{"start":{},"end":{}}],"line":47},"6":{"loc":{"start":{"line":59,"column":1},"end":{"line":61,"column":2}},"type":"if","locations":[{"start":{"line":59,"column":1},"end":{"line":61,"column":2}},{"start":{},"end":{}}],"line":59},"7":{"loc":{"start":{"line":59,"column":5},"end":{"line":59,"column":27}},"type":"binary-expr","locations":[{"start":{"line":59,"column":5},"end":{"line":59,"column":14}},{"start":{"line":59,"column":18},"end":{"line":59,"column":27}}],"line":59},"8":{"loc":{"start":{"line":64,"column":1},"end":{"line":66,"column":2}},"type":"if","locations":[{"start":{"line":64,"column":1},"end":{"line":66,"column":2}},{"start":{},"end":{}}],"line":64},"9":{"loc":{"start":{"line":69,"column":1},"end":{"line":71,"column":2}},"type":"if","locations":[{"start":{"line":69,"column":1},"end":{"line":71,"column":2}},{"start":{},"end":{}}],"line":69}},"s":{"0":5,"1":5,"2":5,"3":5,"4":5,"5":5,"6":5,"7":0,"8":0,"9":0,"10":0,"11":0,"12":0,"13":0,"14":0,"15":0,"16":0,"17":0,"18":0,"19":0,"20":0,"21":0,"22":0,"23":5,"24":0,"25":0,"26":0,"27":0,"28":0,"29":0,"30":0,"31":0,"32":0,"33":5},"f":{"0":0,"1":0},"b":{"0":[0,0],"1":[0,0,0],"2":[0,0],"3":[0,0],"4":[0,0],"5":[0,0],"6":[0,0],"7":[0,0],"8":[0,0],"9":[0,0]},"_coverageSchema":"1a1c01bbd47fc00a2c39e90264f33305004495a9","hash":"d9e75a9b5ee7f0f7f74956f04ec9fe01ca23edbd"}
,"C:\\Users\\ajaya\\Documents\\LaFosse\\lap3\\Crammer_Education_App\\Crammer_Education_server\\routes\\flashcard.js": {"path":"C:\\Users\\ajaya\\Documents\\LaFosse\\lap3\\Crammer_Education_App\\Crammer_Education_server\\routes\\flashcard.js","statementMap":{"0":{"start":{"line":1,"column":19},"end":{"line":1,"column":37}},"1":{"start":{"line":2,"column":23},"end":{"line":2,"column":68}},"2":{"start":{"line":3,"column":13},"end":{"line":3,"column":42}},"3":{"start":{"line":5,"column":15},"end":{"line":5,"column":23}},"4":{"start":{"line":7,"column":0},"end":{"line":7,"column":17}},"5":{"start":{"line":8,"column":0},"end":{"line":13,"column":42}},"6":{"start":{"line":15,"column":0},"end":{"line":15,"column":24}}},"fnMap":{},"branchMap":{},"s":{"0":4,"1":4,"2":4,"3":4,"4":4,"5":4,"6":4},"f":{},"b":{},"_coverageSchema":"1a1c01bbd47fc00a2c39e90264f33305004495a9","hash":"a7cb8a2d030b97e3fa75c19e52abd27b6bf2be7a"}
,"C:\\Users\\ajaya\\Documents\\LaFosse\\lap3\\Crammer_Education_App\\Crammer_Education_server\\routes\\users.js": {"path":"C:\\Users\\ajaya\\Documents\\LaFosse\\lap3\\Crammer_Education_App\\Crammer_Education_server\\routes\\users.js","statementMap":{"0":{"start":{"line":1,"column":19},"end":{"line":1,"column":37}},"1":{"start":{"line":2,"column":34},"end":{"line":2,"column":74}},"2":{"start":{"line":4,"column":15},"end":{"line":4,"column":23}},"3":{"start":{"line":6,"column":0},"end":{"line":6,"column":41}},"4":{"start":{"line":7,"column":0},"end":{"line":7,"column":39}},"5":{"start":{"line":9,"column":0},"end":{"line":9,"column":24}}},"fnMap":{},"branchMap":{},"s":{"0":4,"1":4,"2":4,"3":4,"4":4,"5":4},"f":{},"b":{},"_coverageSchema":"1a1c01bbd47fc00a2c39e90264f33305004495a9","hash":"0e7ef4f28da3c6e6b152525688cf5d1ee751a7e3"}
}
