{"C:\\Users\\tellu\\random\\project_lap3\\server\\app.js": {"path":"C:\\Users\\tellu\\random\\project_lap3\\server\\app.js","statementMap":{"0":{"start":{"line":1,"column":16},"end":{"line":1,"column":34}},"1":{"start":{"line":2,"column":13},"end":{"line":2,"column":28}},"2":{"start":{"line":3,"column":15},"end":{"line":3,"column":32}},"3":{"start":{"line":4,"column":12},"end":{"line":4,"column":21}},"4":{"start":{"line":6,"column":19},"end":{"line":6,"column":44}},"5":{"start":{"line":7,"column":25},"end":{"line":7,"column":54}},"6":{"start":{"line":10,"column":0},"end":{"line":10,"column":16}},"7":{"start":{"line":11,"column":0},"end":{"line":11,"column":23}},"8":{"start":{"line":12,"column":0},"end":{"line":12,"column":24}},"9":{"start":{"line":14,"column":0},"end":{"line":16,"column":3}},"10":{"start":{"line":15,"column":1},"end":{"line":15,"column":28}},"11":{"start":{"line":19,"column":0},"end":{"line":19,"column":41}},"12":{"start":{"line":20,"column":0},"end":{"line":20,"column":30}},"13":{"start":{"line":22,"column":0},"end":{"line":22,"column":21}}},"fnMap":{"0":{"name":"(anonymous_0)","decl":{"start":{"line":14,"column":13},"end":{"line":14,"column":14}},"loc":{"start":{"line":14,"column":27},"end":{"line":16,"column":1}},"line":14}},"branchMap":{},"s":{"0":2,"1":2,"2":2,"3":2,"4":2,"5":2,"6":2,"7":2,"8":2,"9":2,"10":1,"11":2,"12":2,"13":2},"f":{"0":1},"b":{},"_coverageSchema":"1a1c01bbd47fc00a2c39e90264f33305004495a9","hash":"0d728de9ad992fe7a2baca4f9c49dd88879c8f5c"}
,"C:\\Users\\tellu\\random\\project_lap3\\server\\controllers\\flashcardController.js": {"path":"C:\\Users\\tellu\\random\\project_lap3\\server\\controllers\\flashcardController.js","statementMap":{"0":{"start":{"line":1,"column":19},"end":{"line":1,"column":49}},"1":{"start":{"line":2,"column":17},"end":{"line":2,"column":36}},"2":{"start":{"line":7,"column":24},"end":{"line":21,"column":1}},"3":{"start":{"line":8,"column":43},"end":{"line":8,"column":51}},"4":{"start":{"line":10,"column":1},"end":{"line":20,"column":2}},"5":{"start":{"line":11,"column":20},"end":{"line":15,"column":4}},"6":{"start":{"line":17,"column":2},"end":{"line":17,"column":34}},"7":{"start":{"line":19,"column":2},"end":{"line":19,"column":49}},"8":{"start":{"line":24,"column":22},"end":{"line":30,"column":1}},"9":{"start":{"line":27,"column":20},"end":{"line":27,"column":45}},"10":{"start":{"line":29,"column":1},"end":{"line":29,"column":34}},"11":{"start":{"line":34,"column":24},"end":{"line":57,"column":1}},"12":{"start":{"line":47,"column":1},"end":{"line":56,"column":2}},"13":{"start":{"line":48,"column":21},"end":{"line":48,"column":71}},"14":{"start":{"line":50,"column":2},"end":{"line":52,"column":3}},"15":{"start":{"line":51,"column":3},"end":{"line":51,"column":60}},"16":{"start":{"line":53,"column":2},"end":{"line":53,"column":35}},"17":{"start":{"line":55,"column":2},"end":{"line":55,"column":59}},"18":{"start":{"line":61,"column":24},"end":{"line":79,"column":1}},"19":{"start":{"line":63,"column":16},"end":{"line":63,"column":26}},"20":{"start":{"line":70,"column":1},"end":{"line":78,"column":2}},"21":{"start":{"line":71,"column":21},"end":{"line":71,"column":67}},"22":{"start":{"line":72,"column":2},"end":{"line":74,"column":3}},"23":{"start":{"line":73,"column":3},"end":{"line":73,"column":57}},"24":{"start":{"line":75,"column":2},"end":{"line":75,"column":35}},"25":{"start":{"line":77,"column":2},"end":{"line":77,"column":77}},"26":{"start":{"line":83,"column":0},"end":{"line":88,"column":2}}},"fnMap":{"0":{"name":"(anonymous_0)","decl":{"start":{"line":7,"column":24},"end":{"line":7,"column":25}},"loc":{"start":{"line":7,"column":44},"end":{"line":21,"column":1}},"line":7},"1":{"name":"(anonymous_1)","decl":{"start":{"line":24,"column":22},"end":{"line":24,"column":23}},"loc":{"start":{"line":24,"column":42},"end":{"line":30,"column":1}},"line":24},"2":{"name":"(anonymous_2)","decl":{"start":{"line":34,"column":24},"end":{"line":34,"column":25}},"loc":{"start":{"line":34,"column":44},"end":{"line":57,"column":1}},"line":34},"3":{"name":"(anonymous_3)","decl":{"start":{"line":61,"column":24},"end":{"line":61,"column":25}},"loc":{"start":{"line":61,"column":44},"end":{"line":79,"column":1}},"line":61}},"branchMap":{"0":{"loc":{"start":{"line":50,"column":2},"end":{"line":52,"column":3}},"type":"if","locations":[{"start":{"line":50,"column":2},"end":{"line":52,"column":3}},{"start":{},"end":{}}],"line":50},"1":{"loc":{"start":{"line":72,"column":2},"end":{"line":74,"column":3}},"type":"if","locations":[{"start":{"line":72,"column":2},"end":{"line":74,"column":3}},{"start":{},"end":{}}],"line":72}},"s":{"0":2,"1":2,"2":2,"3":0,"4":0,"5":0,"6":0,"7":0,"8":2,"9":0,"10":0,"11":2,"12":0,"13":0,"14":0,"15":0,"16":0,"17":0,"18":2,"19":0,"20":0,"21":0,"22":0,"23":0,"24":0,"25":0,"26":2},"f":{"0":0,"1":0,"2":0,"3":0},"b":{"0":[0,0],"1":[0,0]},"_coverageSchema":"1a1c01bbd47fc00a2c39e90264f33305004495a9","hash":"5b73d6f24674534dc592603a4eb670a223629844"}
,"C:\\Users\\tellu\\random\\project_lap3\\server\\controllers\\userController.js": {"path":"C:\\Users\\tellu\\random\\project_lap3\\server\\controllers\\userController.js","statementMap":{"0":{"start":{"line":1,"column":13},"end":{"line":1,"column":38}},"1":{"start":{"line":2,"column":12},"end":{"line":2,"column":35}},"2":{"start":{"line":4,"column":20},"end":{"line":4,"column":91}},"3":{"start":{"line":4,"column":29},"end":{"line":4,"column":91}},"4":{"start":{"line":6,"column":18},"end":{"line":16,"column":1}},"5":{"start":{"line":7,"column":32},"end":{"line":7,"column":40}},"6":{"start":{"line":9,"column":1},"end":{"line":15,"column":2}},"7":{"start":{"line":10,"column":15},"end":{"line":10,"column":51}},"8":{"start":{"line":11,"column":16},"end":{"line":11,"column":37}},"9":{"start":{"line":12,"column":2},"end":{"line":12,"column":44}},"10":{"start":{"line":14,"column":2},"end":{"line":14,"column":49}},"11":{"start":{"line":18,"column":19},"end":{"line":27,"column":1}},"12":{"start":{"line":19,"column":39},"end":{"line":19,"column":47}},"13":{"start":{"line":20,"column":1},"end":{"line":26,"column":2}},"14":{"start":{"line":21,"column":15},"end":{"line":21,"column":59}},"15":{"start":{"line":22,"column":16},"end":{"line":22,"column":37}},"16":{"start":{"line":23,"column":2},"end":{"line":23,"column":59}},"17":{"start":{"line":25,"column":2},"end":{"line":25,"column":49}},"18":{"start":{"line":29,"column":0},"end":{"line":29,"column":56}}},"fnMap":{"0":{"name":"(anonymous_0)","decl":{"start":{"line":4,"column":20},"end":{"line":4,"column":21}},"loc":{"start":{"line":4,"column":29},"end":{"line":4,"column":91}},"line":4},"1":{"name":"(anonymous_1)","decl":{"start":{"line":6,"column":18},"end":{"line":6,"column":19}},"loc":{"start":{"line":6,"column":38},"end":{"line":16,"column":1}},"line":6},"2":{"name":"(anonymous_2)","decl":{"start":{"line":18,"column":19},"end":{"line":18,"column":20}},"loc":{"start":{"line":18,"column":39},"end":{"line":27,"column":1}},"line":18}},"branchMap":{},"s":{"0":3,"1":3,"2":3,"3":1,"4":3,"5":1,"6":1,"7":1,"8":0,"9":0,"10":0,"11":3,"12":1,"13":1,"14":1,"15":1,"16":0,"17":1,"18":3},"f":{"0":1,"1":1,"2":1},"b":{},"_coverageSchema":"1a1c01bbd47fc00a2c39e90264f33305004495a9","hash":"1ed67352afd32703e2652067e4ac1c5c2dad2823"}
,"C:\\Users\\tellu\\random\\project_lap3\\server\\middleware\\auth.js": {"path":"C:\\Users\\tellu\\random\\project_lap3\\server\\middleware\\auth.js","statementMap":{"0":{"start":{"line":1,"column":12},"end":{"line":1,"column":35}},"1":{"start":{"line":2,"column":13},"end":{"line":2,"column":38}},"2":{"start":{"line":4,"column":13},"end":{"line":19,"column":1}},"3":{"start":{"line":5,"column":27},"end":{"line":5,"column":38}},"4":{"start":{"line":6,"column":1},"end":{"line":8,"column":2}},"5":{"start":{"line":7,"column":2},"end":{"line":7,"column":67}},"6":{"start":{"line":10,"column":18},"end":{"line":10,"column":45}},"7":{"start":{"line":12,"column":1},"end":{"line":18,"column":2}},"8":{"start":{"line":13,"column":18},"end":{"line":13,"column":62}},"9":{"start":{"line":14,"column":2},"end":{"line":14,"column":55}},"10":{"start":{"line":15,"column":2},"end":{"line":15,"column":9}},"11":{"start":{"line":17,"column":2},"end":{"line":17,"column":71}},"12":{"start":{"line":21,"column":0},"end":{"line":21,"column":22}}},"fnMap":{"0":{"name":"(anonymous_0)","decl":{"start":{"line":4,"column":13},"end":{"line":4,"column":14}},"loc":{"start":{"line":4,"column":39},"end":{"line":19,"column":1}},"line":4}},"branchMap":{"0":{"loc":{"start":{"line":6,"column":1},"end":{"line":8,"column":2}},"type":"if","locations":[{"start":{"line":6,"column":1},"end":{"line":8,"column":2}},{"start":{},"end":{}}],"line":6}},"s":{"0":2,"1":2,"2":2,"3":0,"4":0,"5":0,"6":0,"7":0,"8":0,"9":0,"10":0,"11":0,"12":2},"f":{"0":0},"b":{"0":[0,0]},"_coverageSchema":"1a1c01bbd47fc00a2c39e90264f33305004495a9","hash":"4ec236267ebcf2b09c24082499ed80d7efda4c51"}
,"C:\\Users\\tellu\\random\\project_lap3\\server\\models\\Flashcard.js": {"path":"C:\\Users\\tellu\\random\\project_lap3\\server\\models\\Flashcard.js","statementMap":{"0":{"start":{"line":1,"column":17},"end":{"line":1,"column":36}},"1":{"start":{"line":3,"column":15},"end":{"line":3,"column":30}},"2":{"start":{"line":5,"column":24},"end":{"line":21,"column":1}},"3":{"start":{"line":22,"column":0},"end":{"line":22,"column":62}}},"fnMap":{},"branchMap":{},"s":{"0":2,"1":2,"2":2,"3":2},"f":{},"b":{},"_coverageSchema":"1a1c01bbd47fc00a2c39e90264f33305004495a9","hash":"a1a14e9c47265d45ac892087591df76931fd084e"}
,"C:\\Users\\tellu\\random\\project_lap3\\server\\models\\User.js": {"path":"C:\\Users\\tellu\\random\\project_lap3\\server\\models\\User.js","statementMap":{"0":{"start":{"line":1,"column":0},"end":{"line":1,"column":27}},"1":{"start":{"line":2,"column":17},"end":{"line":2,"column":36}},"2":{"start":{"line":3,"column":15},"end":{"line":3,"column":32}},"3":{"start":{"line":4,"column":18},"end":{"line":4,"column":38}},"4":{"start":{"line":6,"column":15},"end":{"line":6,"column":30}},"5":{"start":{"line":8,"column":19},"end":{"line":26,"column":1}},"6":{"start":{"line":28,"column":0},"end":{"line":56,"column":2}},"7":{"start":{"line":29,"column":1},"end":{"line":31,"column":2}},"8":{"start":{"line":30,"column":2},"end":{"line":30,"column":47}},"9":{"start":{"line":33,"column":1},"end":{"line":35,"column":2}},"10":{"start":{"line":34,"column":2},"end":{"line":34,"column":40}},"11":{"start":{"line":37,"column":1},"end":{"line":39,"column":2}},"12":{"start":{"line":38,"column":2},"end":{"line":38,"column":51}},"13":{"start":{"line":41,"column":20},"end":{"line":41,"column":49}},"14":{"start":{"line":42,"column":1},"end":{"line":44,"column":2}},"15":{"start":{"line":43,"column":2},"end":{"line":43,"column":42}},"16":{"start":{"line":46,"column":23},"end":{"line":46,"column":55}},"17":{"start":{"line":47,"column":1},"end":{"line":49,"column":2}},"18":{"start":{"line":48,"column":2},"end":{"line":48,"column":45}},"19":{"start":{"line":51,"column":14},"end":{"line":51,"column":74}},"20":{"start":{"line":52,"column":14},"end":{"line":52,"column":47}},"21":{"start":{"line":54,"column":14},"end":{"line":54,"column":68}},"22":{"start":{"line":55,"column":1},"end":{"line":55,"column":13}},"23":{"start":{"line":58,"column":0},"end":{"line":74,"column":2}},"24":{"start":{"line":59,"column":1},"end":{"line":61,"column":2}},"25":{"start":{"line":60,"column":2},"end":{"line":60,"column":47}},"26":{"start":{"line":63,"column":14},"end":{"line":63,"column":46}},"27":{"start":{"line":64,"column":1},"end":{"line":66,"column":2}},"28":{"start":{"line":65,"column":2},"end":{"line":65,"column":40}},"29":{"start":{"line":68,"column":15},"end":{"line":68,"column":60}},"30":{"start":{"line":69,"column":1},"end":{"line":71,"column":2}},"31":{"start":{"line":70,"column":2},"end":{"line":70,"column":40}},"32":{"start":{"line":73,"column":1},"end":{"line":73,"column":13}},"33":{"start":{"line":76,"column":0},"end":{"line":76,"column":52}}},"fnMap":{"0":{"name":"(anonymous_0)","decl":{"start":{"line":28,"column":28},"end":{"line":28,"column":29}},"loc":{"start":{"line":28,"column":71},"end":{"line":56,"column":1}},"line":28},"1":{"name":"(anonymous_1)","decl":{"start":{"line":58,"column":27},"end":{"line":58,"column":28}},"loc":{"start":{"line":58,"column":63},"end":{"line":74,"column":1}},"line":58}},"branchMap":{"0":{"loc":{"start":{"line":29,"column":1},"end":{"line":31,"column":2}},"type":"if","locations":[{"start":{"line":29,"column":1},"end":{"line":31,"column":2}},{"start":{},"end":{}}],"line":29},"1":{"loc":{"start":{"line":29,"column":5},"end":{"line":29,"column":37}},"type":"binary-expr","locations":[{"start":{"line":29,"column":5},"end":{"line":29,"column":14}},{"start":{"line":29,"column":18},"end":{"line":29,"column":24}},{"start":{"line":29,"column":28},"end":{"line":29,"column":37}}],"line":29},"2":{"loc":{"start":{"line":33,"column":1},"end":{"line":35,"column":2}},"type":"if","locations":[{"start":{"line":33,"column":1},"end":{"line":35,"column":2}},{"start":{},"end":{}}],"line":33},"3":{"loc":{"start":{"line":37,"column":1},"end":{"line":39,"column":2}},"type":"if","locations":[{"start":{"line":37,"column":1},"end":{"line":39,"column":2}},{"start":{},"end":{}}],"line":37},"4":{"loc":{"start":{"line":42,"column":1},"end":{"line":44,"column":2}},"type":"if","locations":[{"start":{"line":42,"column":1},"end":{"line":44,"column":2}},{"start":{},"end":{}}],"line":42},"5":{"loc":{"start":{"line":47,"column":1},"end":{"line":49,"column":2}},"type":"if","locations":[{"start":{"line":47,"column":1},"end":{"line":49,"column":2}},{"start":{},"end":{}}],"line":47},"6":{"loc":{"start":{"line":59,"column":1},"end":{"line":61,"column":2}},"type":"if","locations":[{"start":{"line":59,"column":1},"end":{"line":61,"column":2}},{"start":{},"end":{}}],"line":59},"7":{"loc":{"start":{"line":59,"column":5},"end":{"line":59,"column":27}},"type":"binary-expr","locations":[{"start":{"line":59,"column":5},"end":{"line":59,"column":14}},{"start":{"line":59,"column":18},"end":{"line":59,"column":27}}],"line":59},"8":{"loc":{"start":{"line":64,"column":1},"end":{"line":66,"column":2}},"type":"if","locations":[{"start":{"line":64,"column":1},"end":{"line":66,"column":2}},{"start":{},"end":{}}],"line":64},"9":{"loc":{"start":{"line":69,"column":1},"end":{"line":71,"column":2}},"type":"if","locations":[{"start":{"line":69,"column":1},"end":{"line":71,"column":2}},{"start":{},"end":{}}],"line":69}},"s":{"0":3,"1":3,"2":3,"3":3,"4":3,"5":3,"6":3,"7":0,"8":0,"9":0,"10":0,"11":0,"12":0,"13":0,"14":0,"15":0,"16":0,"17":0,"18":0,"19":0,"20":0,"21":0,"22":0,"23":3,"24":1,"25":0,"26":1,"27":0,"28":0,"29":0,"30":0,"31":0,"32":0,"33":3},"f":{"0":0,"1":1},"b":{"0":[0,0],"1":[0,0,0],"2":[0,0],"3":[0,0],"4":[0,0],"5":[0,0],"6":[0,1],"7":[1,1],"8":[0,0],"9":[0,0]},"_coverageSchema":"1a1c01bbd47fc00a2c39e90264f33305004495a9","hash":"debaca3ef7c4205a8c3e1cf781c9fb003a1e71bd"}
,"C:\\Users\\tellu\\random\\project_lap3\\server\\routes\\flashcard.js": {"path":"C:\\Users\\tellu\\random\\project_lap3\\server\\routes\\flashcard.js","statementMap":{"0":{"start":{"line":1,"column":19},"end":{"line":1,"column":37}},"1":{"start":{"line":2,"column":23},"end":{"line":2,"column":68}},"2":{"start":{"line":3,"column":13},"end":{"line":3,"column":42}},"3":{"start":{"line":5,"column":15},"end":{"line":5,"column":23}},"4":{"start":{"line":7,"column":0},"end":{"line":7,"column":17}},"5":{"start":{"line":8,"column":0},"end":{"line":8,"column":89}},"6":{"start":{"line":10,"column":0},"end":{"line":10,"column":98}},"7":{"start":{"line":12,"column":0},"end":{"line":12,"column":24}}},"fnMap":{},"branchMap":{},"s":{"0":2,"1":2,"2":2,"3":2,"4":2,"5":2,"6":2,"7":2},"f":{},"b":{},"_coverageSchema":"1a1c01bbd47fc00a2c39e90264f33305004495a9","hash":"b56023a83c2967af1c84392c6689151d9a53f6cd"}
,"C:\\Users\\tellu\\random\\project_lap3\\server\\routes\\users.js": {"path":"C:\\Users\\tellu\\random\\project_lap3\\server\\routes\\users.js","statementMap":{"0":{"start":{"line":1,"column":19},"end":{"line":1,"column":37}},"1":{"start":{"line":2,"column":34},"end":{"line":2,"column":74}},"2":{"start":{"line":4,"column":15},"end":{"line":4,"column":23}},"3":{"start":{"line":6,"column":0},"end":{"line":6,"column":41}},"4":{"start":{"line":7,"column":0},"end":{"line":7,"column":39}},"5":{"start":{"line":9,"column":0},"end":{"line":9,"column":24}}},"fnMap":{},"branchMap":{},"s":{"0":2,"1":2,"2":2,"3":2,"4":2,"5":2},"f":{},"b":{},"_coverageSchema":"1a1c01bbd47fc00a2c39e90264f33305004495a9","hash":"db76eca3e2614440a72646b51cd67f6a4e90064b"}
}
